-------------------------------------------------------------------------------
Test set: examens.spring.spring.ApplicationTests
-------------------------------------------------------------------------------
Tests run: 1, Failures: 0, Errors: 1, Skipped: 0, Time elapsed: 6.698 s <<< FAILURE! - in examens.spring.spring.ApplicationTests
contextLoads  Time elapsed: 0.001 s  <<< ERROR!
java.lang.IllegalStateException: Failed to load ApplicationContext
Caused by: org.springframework.beans.factory.UnsatisfiedDependencyException: Error creating bean with name 'personController' defined in file [D:\Google Drive\java\examens-arbete\SpringAPI\target\classes\examens\spring\spring\Controller\PersonController.class]: Unsatisfied dependency expressed through constructor parameter 0; nested exception is org.springframework.beans.factory.BeanCreationException: Error creating bean with name 'personRepository' defined in examens.spring.spring.Repository.PersonRepository defined in @EnableJpaRepositories declared on JpaRepositoriesRegistrar.EnableJpaRepositoriesConfiguration: Invocation of init method failed; nested exception is java.lang.IllegalArgumentException: Failed to create query for method public abstract java.util.Collection examens.spring.spring.Repository.PersonRepository.findByFavourite_Colour(java.lang.String)! No property favourite found for type Person!
Caused by: org.springframework.beans.factory.BeanCreationException: Error creating bean with name 'personRepository' defined in examens.spring.spring.Repository.PersonRepository defined in @EnableJpaRepositories declared on JpaRepositoriesRegistrar.EnableJpaRepositoriesConfiguration: Invocation of init method failed; nested exception is java.lang.IllegalArgumentException: Failed to create query for method public abstract java.util.Collection examens.spring.spring.Repository.PersonRepository.findByFavourite_Colour(java.lang.String)! No property favourite found for type Person!
Caused by: java.lang.IllegalArgumentException: Failed to create query for method public abstract java.util.Collection examens.spring.spring.Repository.PersonRepository.findByFavourite_Colour(java.lang.String)! No property favourite found for type Person!
Caused by: org.springframework.data.mapping.PropertyReferenceException: No property favourite found for type Person!

